<?xml version="1.0" encoding="UTF-8"?>
<!-- Generated by org.testng.reporters.JUnitXMLReporter -->
<testsuite ignored="0" hostname="dell-PC" failures="0" tests="4" name="Regression suite" time="120.693" errors="0" timestamp="06 Sep 2019 13:00:28 GMT">
  <testcase classname="com.automationqapractice.test.CreateUserAccountTest" name="createNewUserAccount" time="18.209"/>
  <testcase classname="com.automationqapractice.test.CreateUserAccountTest" name="checkThatUserCanLoginSuccessfullyAfterAccountCreation" time="7.486"/>
  <testcase classname="com.automationqapractice.test.SearchProductCategoryTest" name="searchProductCategory" time="9.41"/>
  <testcase classname="com.automationqapractice.test.OrderCreationTest" name="purchaseProduct" time="28.223"/>
</testsuite> <!-- Regression suite -->
