<?xml version="1.0" encoding="UTF-8"?>
<testng-results ignored="0" total="4" passed="4" failed="0" skipped="0">
  <reporter-output>
  </reporter-output>
  <suite started-at="2019-09-06T12:58:27Z" name="sample suite" finished-at="2019-09-06T13:00:28Z" duration-ms="120693">
    <groups>
    </groups>
    <test started-at="2019-09-06T12:58:27Z" name="Regression suite" finished-at="2019-09-06T13:00:28Z" duration-ms="120693">
      <class name="com.automationqapractice.test.CreateUserAccountTest">
        <test-method is-config="true" signature="setup(java.lang.String, java.lang.String, org.testng.ITestContext)[pri:0, instance:com.automationqapractice.test.CreateUserAccountTest@164f82bd]" started-at="2019-09-06T12:58:27Z" name="setup" description="One time initialization code" finished-at="2019-09-06T12:58:48Z" duration-ms="20703" status="PASS">
          <params>
            <param index="0">
              <value>
                <![CDATA[chrome]]>
              </value>
            </param>
            <param index="1">
              <value>
                <![CDATA[http://automationpractice.com/index.php]]>
              </value>
            </param>
            <param index="2">
              <value>
                <![CDATA[org.testng.TestRunner@6a85ddbb]]>
              </value>
            </param>
          </params>
          <reporter-output>
          </reporter-output>
        </test-method> <!-- setup -->
        <test-method is-config="true" signature="methodLevelSetup()[pri:0, instance:com.automationqapractice.test.CreateUserAccountTest@164f82bd]" started-at="2019-09-06T12:58:48Z" name="methodLevelSetup" description="Method Level Setup!" finished-at="2019-09-06T12:58:48Z" duration-ms="258" status="PASS">
          <reporter-output>
          </reporter-output>
        </test-method> <!-- methodLevelSetup -->
        <test-method signature="createNewUserAccount()[pri:0, instance:com.automationqapractice.test.CreateUserAccountTest@164f82bd]" started-at="2019-09-06T12:58:48Z" name="createNewUserAccount" finished-at="2019-09-06T12:59:06Z" duration-ms="18209" status="PASS">
          <reporter-output>
          </reporter-output>
        </test-method> <!-- createNewUserAccount -->
        <test-method signature="checkThatUserCanLoginSuccessfullyAfterAccountCreation()[pri:0, instance:com.automationqapractice.test.CreateUserAccountTest@164f82bd]" started-at="2019-09-06T12:59:06Z" name="checkThatUserCanLoginSuccessfullyAfterAccountCreation" finished-at="2019-09-06T12:59:14Z" duration-ms="7486" status="PASS">
          <reporter-output>
          </reporter-output>
        </test-method> <!-- checkThatUserCanLoginSuccessfullyAfterAccountCreation -->
        <test-method is-config="true" signature="tearDown()[pri:0, instance:com.automationqapractice.test.CreateUserAccountTest@164f82bd]" started-at="2019-09-06T12:59:14Z" name="tearDown" description="Method to take care of final cleanup activities, liking shutting down browsers or closing any open streams" finished-at="2019-09-06T12:59:15Z" duration-ms="861" status="PASS">
          <reporter-output>
          </reporter-output>
        </test-method> <!-- tearDown -->
      </class> <!-- com.automationqapractice.test.CreateUserAccountTest -->
      <class name="com.automationqapractice.test.SearchProductCategoryTest">
        <test-method is-config="true" signature="setup(java.lang.String, java.lang.String, org.testng.ITestContext)[pri:0, instance:com.automationqapractice.test.SearchProductCategoryTest@30eaa4e1]" started-at="2019-09-06T12:59:15Z" name="setup" description="One time initialization code" finished-at="2019-09-06T12:59:31Z" duration-ms="16050" status="PASS">
          <params>
            <param index="0">
              <value>
                <![CDATA[chrome]]>
              </value>
            </param>
            <param index="1">
              <value>
                <![CDATA[http://automationpractice.com/index.php]]>
              </value>
            </param>
            <param index="2">
              <value>
                <![CDATA[org.testng.TestRunner@6a85ddbb]]>
              </value>
            </param>
          </params>
          <reporter-output>
          </reporter-output>
        </test-method> <!-- setup -->
        <test-method is-config="true" signature="methodLevelSetup()[pri:0, instance:com.automationqapractice.test.SearchProductCategoryTest@30eaa4e1]" started-at="2019-09-06T12:59:31Z" name="methodLevelSetup" description="Method Level Setup!" finished-at="2019-09-06T12:59:31Z" duration-ms="15" status="PASS">
          <reporter-output>
          </reporter-output>
        </test-method> <!-- methodLevelSetup -->
        <test-method signature="searchProductCategory()[pri:0, instance:com.automationqapractice.test.SearchProductCategoryTest@30eaa4e1]" started-at="2019-09-06T12:59:31Z" name="searchProductCategory" finished-at="2019-09-06T12:59:40Z" duration-ms="9410" status="PASS">
          <reporter-output>
          </reporter-output>
        </test-method> <!-- searchProductCategory -->
        <test-method is-config="true" signature="tearDown()[pri:0, instance:com.automationqapractice.test.SearchProductCategoryTest@30eaa4e1]" started-at="2019-09-06T12:59:40Z" name="tearDown" description="Method to take care of final cleanup activities, liking shutting down browsers or closing any open streams" finished-at="2019-09-06T12:59:41Z" duration-ms="1078" status="PASS">
          <reporter-output>
          </reporter-output>
        </test-method> <!-- tearDown -->
      </class> <!-- com.automationqapractice.test.SearchProductCategoryTest -->
      <class name="com.automationqapractice.test.OrderCreationTest">
        <test-method is-config="true" signature="setup(java.lang.String, java.lang.String, org.testng.ITestContext)[pri:0, instance:com.automationqapractice.test.OrderCreationTest@5edd950b]" started-at="2019-09-06T12:59:41Z" name="setup" description="One time initialization code" finished-at="2019-09-06T12:59:58Z" duration-ms="17017" status="PASS">
          <params>
            <param index="0">
              <value>
                <![CDATA[chrome]]>
              </value>
            </param>
            <param index="1">
              <value>
                <![CDATA[http://automationpractice.com/index.php]]>
              </value>
            </param>
            <param index="2">
              <value>
                <![CDATA[org.testng.TestRunner@6a85ddbb]]>
              </value>
            </param>
          </params>
          <reporter-output>
          </reporter-output>
        </test-method> <!-- setup -->
        <test-method is-config="true" signature="methodLevelSetup()[pri:0, instance:com.automationqapractice.test.OrderCreationTest@5edd950b]" started-at="2019-09-06T12:59:58Z" name="methodLevelSetup" description="Method Level Setup!" finished-at="2019-09-06T12:59:58Z" duration-ms="17" status="PASS">
          <reporter-output>
          </reporter-output>
        </test-method> <!-- methodLevelSetup -->
        <test-method signature="purchaseProduct()[pri:0, instance:com.automationqapractice.test.OrderCreationTest@5edd950b]" started-at="2019-09-06T12:59:58Z" name="purchaseProduct" finished-at="2019-09-06T13:00:27Z" duration-ms="28223" status="PASS">
          <reporter-output>
          </reporter-output>
        </test-method> <!-- purchaseProduct -->
        <test-method is-config="true" signature="tearDown()[pri:0, instance:com.automationqapractice.test.OrderCreationTest@5edd950b]" started-at="2019-09-06T13:00:27Z" name="tearDown" description="Method to take care of final cleanup activities, liking shutting down browsers or closing any open streams" finished-at="2019-09-06T13:00:28Z" duration-ms="1277" status="PASS">
          <reporter-output>
          </reporter-output>
        </test-method> <!-- tearDown -->
      </class> <!-- com.automationqapractice.test.OrderCreationTest -->
    </test> <!-- Regression suite -->
  </suite> <!-- sample suite -->
</testng-results>
