<?xml version="1.0" encoding="UTF-8"?>
<testng-results ignored="0" total="4" passed="2" failed="2" skipped="0">
  <reporter-output>
  </reporter-output>
  <suite started-at="2019-09-04T00:28:17 IST" name="sample suite" finished-at="2019-09-04T00:30:12 IST" duration-ms="115025">
    <groups>
    </groups>
    <test started-at="2019-09-04T00:28:17 IST" name="Regression suite" finished-at="2019-09-04T00:30:12 IST" duration-ms="115025">
      <class name="com.automationqapractice.test.CreateUsrAcct">
        <test-method is-config="true" signature="setup(java.lang.String, java.lang.String, org.testng.ITestContext)[pri:0, instance:com.automationqapractice.test.CreateUsrAcct@5638019]" started-at="2019-09-04T00:28:17 IST" name="setup" description="One time initialization code" finished-at="2019-09-04T00:28:52 IST" duration-ms="34656" status="PASS">
          <params>
            <param index="0">
              <value>
                <![CDATA[chrome]]>
              </value>
            </param>
            <param index="1">
              <value>
                <![CDATA[http://automationpractice.com/index.php]]>
              </value>
            </param>
            <param index="2">
              <value>
                <![CDATA[org.testng.TestRunner@18d72bd8]]>
              </value>
            </param>
          </params>
          <reporter-output>
          </reporter-output>
        </test-method> <!-- setup -->
        <test-method is-config="true" signature="methodLevelSetup()[pri:0, instance:com.automationqapractice.test.CreateUsrAcct@5638019]" started-at="2019-09-04T00:28:52 IST" name="methodLevelSetup" description="Method Level Setup!" finished-at="2019-09-04T00:28:52 IST" duration-ms="375" status="PASS">
          <reporter-output>
          </reporter-output>
        </test-method> <!-- methodLevelSetup -->
        <test-method signature="createNewUserAccount()[pri:0, instance:com.automationqapractice.test.CreateUsrAcct@5638019]" started-at="2019-09-04T00:28:52 IST" name="createNewUserAccount" finished-at="2019-09-04T00:29:15 IST" duration-ms="22427" status="PASS">
          <reporter-output>
          </reporter-output>
        </test-method> <!-- createNewUserAccount -->
        <test-method signature="checkThatUserCanLoginSuccessfullyAfterAccountCreation()[pri:0, instance:com.automationqapractice.test.CreateUsrAcct@5638019]" started-at="2019-09-04T00:29:15 IST" name="checkThatUserCanLoginSuccessfullyAfterAccountCreation" finished-at="2019-09-04T00:29:25 IST" duration-ms="10656" status="PASS">
          <reporter-output>
          </reporter-output>
        </test-method> <!-- checkThatUserCanLoginSuccessfullyAfterAccountCreation -->
        <test-method is-config="true" signature="tearDown()[pri:0, instance:com.automationqapractice.test.CreateUsrAcct@5638019]" started-at="2019-09-04T00:29:25 IST" name="tearDown" description="Method to take care of final cleanup activities, liking shutting down browsers or closing any open streams" finished-at="2019-09-04T00:29:26 IST" duration-ms="846" status="PASS">
          <reporter-output>
          </reporter-output>
        </test-method> <!-- tearDown -->
      </class> <!-- com.automationqapractice.test.CreateUsrAcct -->
      <class name="com.automationqapractice.test.OrdCreation">
        <test-method is-config="true" signature="setup(java.lang.String, java.lang.String, org.testng.ITestContext)[pri:0, instance:com.automationqapractice.test.OrdCreation@1da03dfb]" started-at="2019-09-04T00:29:49 IST" name="setup" description="One time initialization code" finished-at="2019-09-04T00:30:04 IST" duration-ms="14244" status="PASS">
          <params>
            <param index="0">
              <value>
                <![CDATA[chrome]]>
              </value>
            </param>
            <param index="1">
              <value>
                <![CDATA[http://automationpractice.com/index.php]]>
              </value>
            </param>
            <param index="2">
              <value>
                <![CDATA[org.testng.TestRunner@18d72bd8]]>
              </value>
            </param>
          </params>
          <reporter-output>
          </reporter-output>
        </test-method> <!-- setup -->
        <test-method is-config="true" signature="methodLevelSetup()[pri:0, instance:com.automationqapractice.test.OrdCreation@1da03dfb]" started-at="2019-09-04T00:30:04 IST" name="methodLevelSetup" description="Method Level Setup!" finished-at="2019-09-04T00:30:04 IST" duration-ms="15" status="PASS">
          <reporter-output>
          </reporter-output>
        </test-method> <!-- methodLevelSetup -->
        <test-method signature="purchaseProduct()[pri:0, instance:com.automationqapractice.test.OrdCreation@1da03dfb]" started-at="2019-09-04T00:30:04 IST" name="purchaseProduct" finished-at="2019-09-04T00:30:11 IST" duration-ms="7118" status="FAIL">
          <exception class="java.lang.NullPointerException">
            <full-stacktrace>
              <![CDATA[java.lang.NullPointerException
at com.automationqapractice.pages.UserAcctPage.searchFor(UserAcctPage.java:58)
at com.automationqapractice.test.OrdCreation.purchaseProduct(OrdCreation.java:51)
at java.base/jdk.internal.reflect.NativeMethodAccessorImpl.invoke0(Native Method)
at java.base/jdk.internal.reflect.NativeMethodAccessorImpl.invoke(NativeMethodAccessorImpl.java:62)
at java.base/jdk.internal.reflect.DelegatingMethodAccessorImpl.invoke(DelegatingMethodAccessorImpl.java:43)
at java.base/java.lang.reflect.Method.invoke(Method.java:564)
at org.testng.internal.MethodInvocationHelper.invokeMethod(MethodInvocationHelper.java:133)
at org.testng.internal.TestInvoker.invokeMethod(TestInvoker.java:584)
at org.testng.internal.TestInvoker.invokeTestMethod(TestInvoker.java:172)
at org.testng.internal.MethodRunner.runInSequence(MethodRunner.java:46)
at org.testng.internal.TestInvoker$MethodInvocationAgent.invoke(TestInvoker.java:804)
at org.testng.internal.TestInvoker.invokeTestMethods(TestInvoker.java:145)
at org.testng.internal.TestMethodWorker.invokeTestMethods(TestMethodWorker.java:146)
at org.testng.internal.TestMethodWorker.run(TestMethodWorker.java:128)
at java.base/java.util.ArrayList.forEach(ArrayList.java:1378)
at org.testng.TestRunner.privateRun(TestRunner.java:770)
at org.testng.TestRunner.run(TestRunner.java:591)
at org.testng.SuiteRunner.runTest(SuiteRunner.java:402)
at org.testng.SuiteRunner.runSequentially(SuiteRunner.java:396)
at org.testng.SuiteRunner.privateRun(SuiteRunner.java:355)
at org.testng.SuiteRunner.run(SuiteRunner.java:304)
at org.testng.SuiteRunnerWorker.runSuite(SuiteRunnerWorker.java:53)
at org.testng.SuiteRunnerWorker.run(SuiteRunnerWorker.java:96)
at org.testng.TestNG.runSuitesSequentially(TestNG.java:1180)
at org.testng.TestNG.runSuitesLocally(TestNG.java:1102)
at org.testng.TestNG.runSuites(TestNG.java:1032)
at org.testng.TestNG.run(TestNG.java:1000)
at org.testng.remote.AbstractRemoteTestNG.run(AbstractRemoteTestNG.java:115)
at org.testng.remote.RemoteTestNG.initAndRun(RemoteTestNG.java:251)
at org.testng.remote.RemoteTestNG.main(RemoteTestNG.java:77)
]]>
            </full-stacktrace>
          </exception> <!-- java.lang.NullPointerException -->
          <reporter-output>
          </reporter-output>
        </test-method> <!-- purchaseProduct -->
        <test-method is-config="true" signature="tearDown()[pri:0, instance:com.automationqapractice.test.OrdCreation@1da03dfb]" started-at="2019-09-04T00:30:11 IST" name="tearDown" description="Method to take care of final cleanup activities, liking shutting down browsers or closing any open streams" finished-at="2019-09-04T00:30:12 IST" duration-ms="961" status="PASS">
          <reporter-output>
          </reporter-output>
        </test-method> <!-- tearDown -->
      </class> <!-- com.automationqapractice.test.OrdCreation -->
      <class name="com.automationqapractice.test.SearchProdCategory">
        <test-method is-config="true" signature="setup(java.lang.String, java.lang.String, org.testng.ITestContext)[pri:0, instance:com.automationqapractice.test.SearchProdCategory@172221fa]" started-at="2019-09-04T00:29:26 IST" name="setup" description="One time initialization code" finished-at="2019-09-04T00:29:42 IST" duration-ms="15470" status="PASS">
          <params>
            <param index="0">
              <value>
                <![CDATA[chrome]]>
              </value>
            </param>
            <param index="1">
              <value>
                <![CDATA[http://automationpractice.com/index.php]]>
              </value>
            </param>
            <param index="2">
              <value>
                <![CDATA[org.testng.TestRunner@18d72bd8]]>
              </value>
            </param>
          </params>
          <reporter-output>
          </reporter-output>
        </test-method> <!-- setup -->
        <test-method is-config="true" signature="methodLevelSetup()[pri:0, instance:com.automationqapractice.test.SearchProdCategory@172221fa]" started-at="2019-09-04T00:29:42 IST" name="methodLevelSetup" description="Method Level Setup!" finished-at="2019-09-04T00:29:42 IST" duration-ms="20" status="PASS">
          <reporter-output>
          </reporter-output>
        </test-method> <!-- methodLevelSetup -->
        <test-method signature="searchProductCategory()[pri:0, instance:com.automationqapractice.test.SearchProdCategory@172221fa]" started-at="2019-09-04T00:29:42 IST" name="searchProductCategory" finished-at="2019-09-04T00:29:48 IST" duration-ms="6082" status="FAIL">
          <exception class="java.lang.NullPointerException">
            <full-stacktrace>
              <![CDATA[java.lang.NullPointerException
at com.automationqapractice.test.SearchProdCategory.searchProductCategory(SearchProdCategory.java:36)
at java.base/jdk.internal.reflect.NativeMethodAccessorImpl.invoke0(Native Method)
at java.base/jdk.internal.reflect.NativeMethodAccessorImpl.invoke(NativeMethodAccessorImpl.java:62)
at java.base/jdk.internal.reflect.DelegatingMethodAccessorImpl.invoke(DelegatingMethodAccessorImpl.java:43)
at java.base/java.lang.reflect.Method.invoke(Method.java:564)
at org.testng.internal.MethodInvocationHelper.invokeMethod(MethodInvocationHelper.java:133)
at org.testng.internal.TestInvoker.invokeMethod(TestInvoker.java:584)
at org.testng.internal.TestInvoker.invokeTestMethod(TestInvoker.java:172)
at org.testng.internal.MethodRunner.runInSequence(MethodRunner.java:46)
at org.testng.internal.TestInvoker$MethodInvocationAgent.invoke(TestInvoker.java:804)
at org.testng.internal.TestInvoker.invokeTestMethods(TestInvoker.java:145)
at org.testng.internal.TestMethodWorker.invokeTestMethods(TestMethodWorker.java:146)
at org.testng.internal.TestMethodWorker.run(TestMethodWorker.java:128)
at java.base/java.util.ArrayList.forEach(ArrayList.java:1378)
at org.testng.TestRunner.privateRun(TestRunner.java:770)
at org.testng.TestRunner.run(TestRunner.java:591)
at org.testng.SuiteRunner.runTest(SuiteRunner.java:402)
at org.testng.SuiteRunner.runSequentially(SuiteRunner.java:396)
at org.testng.SuiteRunner.privateRun(SuiteRunner.java:355)
at org.testng.SuiteRunner.run(SuiteRunner.java:304)
at org.testng.SuiteRunnerWorker.runSuite(SuiteRunnerWorker.java:53)
at org.testng.SuiteRunnerWorker.run(SuiteRunnerWorker.java:96)
at org.testng.TestNG.runSuitesSequentially(TestNG.java:1180)
at org.testng.TestNG.runSuitesLocally(TestNG.java:1102)
at org.testng.TestNG.runSuites(TestNG.java:1032)
at org.testng.TestNG.run(TestNG.java:1000)
at org.testng.remote.AbstractRemoteTestNG.run(AbstractRemoteTestNG.java:115)
at org.testng.remote.RemoteTestNG.initAndRun(RemoteTestNG.java:251)
at org.testng.remote.RemoteTestNG.main(RemoteTestNG.java:77)
]]>
            </full-stacktrace>
          </exception> <!-- java.lang.NullPointerException -->
          <reporter-output>
          </reporter-output>
        </test-method> <!-- searchProductCategory -->
        <test-method is-config="true" signature="tearDown()[pri:0, instance:com.automationqapractice.test.SearchProdCategory@172221fa]" started-at="2019-09-04T00:29:48 IST" name="tearDown" description="Method to take care of final cleanup activities, liking shutting down browsers or closing any open streams" finished-at="2019-09-04T00:29:49 IST" duration-ms="881" status="PASS">
          <reporter-output>
          </reporter-output>
        </test-method> <!-- tearDown -->
      </class> <!-- com.automationqapractice.test.SearchProdCategory -->
    </test> <!-- Regression suite -->
  </suite> <!-- sample suite -->
</testng-results>
